<?xml version="1.0" encoding="utf-8"?><testsuites name="pytest tests"><testsuite name="pytest" errors="0" failures="0" skipped="0" tests="21" time="17.082" timestamp="2026-05-02T22:29:19.187149+00:00" hostname="agent-env-9504a199-42ac-4791-b0ae-a14c1b5df2c9"><testcase classname="backend.tests.test_berber" name="test_root" time="0.714" /><testcase classname="backend.tests.test_berber" name="test_services_has_5_including_hair_and_beard" time="0.482" /><testcase classname="backend.tests.test_berber" name="test_login_admin_phone_returns_admin_role" time="1.234" /><testcase classname="backend.tests.test_berber" name="test_login_customer_and_barber" time="2.284" /><testcase classname="backend.tests.test_berber" name="test_register_duplicate_phone_rejected" time="0.462" /><testcase classname="backend.tests.test_berber" name="test_login_wrong_password_401" time="1.026" /><testcase classname="backend.tests.test_berber" name="test_admin_get_settings_requires_admin" time="0.736" /><testcase classname="backend.tests.test_berber" name="test_admin_patch_settings_platform_fee" time="0.500" /><testcase classname="backend.tests.test_berber" name="test_barber_zero_wallet_gets_402_on_accept" time="2.459" /><testcase classname="backend.tests.test_berber" name="test_admin_topup_barber_wallet" time="0.522" /><testcase classname="backend.tests.test_berber" name="test_barber_accepts_deducts_fee_from_wallet" time="1.467" /><testcase classname="backend.tests.test_berber" name="test_admin_wallet_negative_adjustment" time="0.329" /><testcase classname="backend.tests.test_berber" name="test_rating_before_completion_returns_400" time="0.301" /><testcase classname="backend.tests.test_berber" name="test_rate_completed_booking_updates_barber_avg" time="1.090" /><testcase classname="backend.tests.test_berber" name="test_double_rating_returns_400" time="0.343" /><testcase classname="backend.tests.test_berber" name="test_get_barber_public_profile" time="0.332" /><testcase classname="backend.tests.test_berber" name="test_patch_me_persists_avatar_and_portfolio" time="0.247" /><testcase classname="backend.tests.test_berber" name="test_admin_stats_requires_admin" time="0.274" /><testcase classname="backend.tests.test_berber" name="test_admin_stats_forbidden_for_customer" time="0.302" /><testcase classname="backend.tests.test_berber" name="test_admin_users_and_bookings" time="0.764" /><testcase classname="backend.tests.test_berber" name="test_pwa_manifest" time="0.409" /></testsuite></testsuites>