<?xml version="1.0" encoding="utf-8"?><testsuites name="pytest tests"><testsuite name="pytest" errors="0" failures="0" skipped="0" tests="17" time="7.480" timestamp="2026-05-01T01:42:18.535151+00:00" hostname="agent-env-9504a199-42ac-4791-b0ae-a14c1b5df2c9"><testcase classname="backend.tests.test_halaq" name="test_root" time="0.314" /><testcase classname="backend.tests.test_halaq" name="test_services" time="0.203" /><testcase classname="backend.tests.test_halaq" name="test_register_new_customer_and_login" time="1.138" /><testcase classname="backend.tests.test_halaq" name="test_admin_email_auto_promotes_role" time="0.722" /><testcase classname="backend.tests.test_halaq" name="test_login_invalid" time="0.160" /><testcase classname="backend.tests.test_halaq" name="test_create_booking_price" time="0.695" /><testcase classname="backend.tests.test_halaq" name="test_customer_only_sees_own" time="0.139" /><testcase classname="backend.tests.test_halaq" name="test_barber_sees_pending" time="0.696" /><testcase classname="backend.tests.test_halaq" name="test_barber_accepts_applies_fee" time="0.203" /><testcase classname="backend.tests.test_halaq" name="test_wallet_barber" time="0.166" /><testcase classname="backend.tests.test_halaq" name="test_wallet_customer" time="0.158" /><testcase classname="backend.tests.test_halaq" name="test_wallet_admin" time="0.705" /><testcase classname="backend.tests.test_halaq" name="test_chat_user_sends_admin_replies" time="0.888" /><testcase classname="backend.tests.test_halaq" name="test_admin_stats" time="0.180" /><testcase classname="backend.tests.test_halaq" name="test_admin_stats_forbidden_for_customer" time="0.157" /><testcase classname="backend.tests.test_halaq" name="test_admin_users_and_bookings" time="0.332" /><testcase classname="backend.tests.test_halaq" name="test_update_profile" time="0.169" /></testsuite></testsuites>